Traceback (most recent call last):
  File "/home/mathilde/.local/lib/python3.8/site-packages/jupyter_cache/executors/utils.py", line 58, in single_nb_execution
    executenb(
  File "/home/mathilde/.local/lib/python3.8/site-packages/nbclient/client.py", line 1204, in execute
    return NotebookClient(nb=nb, resources=resources, km=km, **kwargs).execute()
  File "/home/mathilde/.local/lib/python3.8/site-packages/nbclient/util.py", line 84, in wrapped
    return just_run(coro(*args, **kwargs))
  File "/home/mathilde/.local/lib/python3.8/site-packages/nbclient/util.py", line 62, in just_run
    return loop.run_until_complete(coro)
  File "/usr/lib/python3.8/asyncio/base_events.py", line 616, in run_until_complete
    return future.result()
  File "/home/mathilde/.local/lib/python3.8/site-packages/nbclient/client.py", line 663, in async_execute
    await self.async_execute_cell(
  File "/home/mathilde/.local/lib/python3.8/site-packages/nbclient/client.py", line 965, in async_execute_cell
    await self._check_raise_for_error(cell, cell_index, exec_reply)
  File "/home/mathilde/.local/lib/python3.8/site-packages/nbclient/client.py", line 862, in _check_raise_for_error
    raise CellExecutionError.from_cell_and_msg(cell, exec_reply_content)
nbclient.exceptions.CellExecutionError: An error occurred while executing the following cell:
------------------
source = ColumnDataSource(df)

p = figure()

mapper = linear_cmap(field_name='nbr_textes', palette=Spectral6 ,low=min(y) ,high=max(y))


p.circle(x='book', y='fragment',
         line_color=mapper, color=mapper, 
         fill_alpha=1, size=10,
         source=source)

p.title.text = "Quantité de textes sur la plateforme anthologiagraeca pour chacune des épigrammes des 16 livres de l'Anthologie"
p.xaxis.axis_label = "Livres"
p.yaxis.axis_label = "Épigrammes"

color_bar = ColorBar(color_mapper=mapper['transform'], width=8)

hover = HoverTool()
hover.tooltips=[
    ('url', '@url'),
    ('nombres de textes', '@nbr_textes'),
]

p.add_layout(color_bar, 'right')
p.add_tools(hover)

show(p)

------------------

[0;31m---------------------------------------------------------------------------[0m
[0;31mNameError[0m                                 Traceback (most recent call last)
Input [0;32mIn [8][0m, in [0;36m<module>[0;34m[0m
[1;32m      1[0m source [38;5;241m=[39m ColumnDataSource(df)
[1;32m      3[0m p [38;5;241m=[39m figure()
[0;32m----> 5[0m mapper [38;5;241m=[39m linear_cmap(field_name[38;5;241m=[39m[38;5;124m'[39m[38;5;124mnbr_textes[39m[38;5;124m'[39m, palette[38;5;241m=[39mSpectral6 ,low[38;5;241m=[39m[38;5;28mmin[39m([43my[49m) ,high[38;5;241m=[39m[38;5;28mmax[39m(y))
[1;32m      8[0m p[38;5;241m.[39mcircle(x[38;5;241m=[39m[38;5;124m'[39m[38;5;124mbook[39m[38;5;124m'[39m, y[38;5;241m=[39m[38;5;124m'[39m[38;5;124mfragment[39m[38;5;124m'[39m,
[1;32m      9[0m          line_color[38;5;241m=[39mmapper, color[38;5;241m=[39mmapper, 
[1;32m     10[0m          fill_alpha[38;5;241m=[39m[38;5;241m1[39m, size[38;5;241m=[39m[38;5;241m10[39m,
[1;32m     11[0m          source[38;5;241m=[39msource)
[1;32m     13[0m p[38;5;241m.[39mtitle[38;5;241m.[39mtext [38;5;241m=[39m [38;5;124m"[39m[38;5;124mQuantité de textes sur la plateforme anthologiagraeca pour chacune des épigrammes des 16 livres de l[39m[38;5;124m'[39m[38;5;124mAnthologie[39m[38;5;124m"[39m

[0;31mNameError[0m: name 'y' is not defined
NameError: name 'y' is not defined

